Arguments: 
  /home/fiialo/.nvm/versions/node/v12.18.4/bin/node /usr/share/yarn/bin/yarn.js add apollo-boost react-apollo graphql @material-ui/core @material-ui/icons react-wipeable-views recompose

PATH: 
  /home/fiialo/.nvm/versions/node/v12.18.4/bin:/home/fiialo/.npm-global/bin:/usr/local/sbin:/usr/local/bin:/usr/sbin:/usr/bin:/sbin:/bin:/usr/games:/usr/local/games:/snap/bin

Yarn version: 
  1.22.5

Node version: 
  12.18.4

Platform: 
  linux x64

Trace: 
  Error: https://registry.yarnpkg.com/react-wipeable-views: Not found
      at Request.params.callback [as _callback] (/usr/share/yarn/lib/cli.js:66988:18)
      at Request.self.callback (/usr/share/yarn/lib/cli.js:140749:22)
      at Request.emit (events.js:315:20)
      at Request.<anonymous> (/usr/share/yarn/lib/cli.js:141721:10)
      at Request.emit (events.js:315:20)
      at IncomingMessage.<anonymous> (/usr/share/yarn/lib/cli.js:141643:12)
      at Object.onceWrapper (events.js:421:28)
      at IncomingMessage.emit (events.js:327:22)
      at endReadableNT (_stream_readable.js:1220:12)
      at processTicksAndRejections (internal/process/task_queues.js:84:21)

npm manifest: 
  {
    "name": "graphql-start",
    "version": "1.0.0",
    "description": "",
    "main": "index.js",
    "scripts": {
      "dev": "nodemon server/app.js",
      "test": "echo \"Error: no test specified\" && exit 1"
    },
    "keywords": [],
    "author": "",
    "license": "ISC",
    "dependencies": {
      "cors": "^2.8.5",
      "express": "^4.17.1",
      "express-graphql": "^0.12.0",
      "graphql": "^15.5.0",
      "mongoose": "^5.12.14",
      "nodemon": "^2.0.7"
    }
  }

yarn manifest: 
  No manifest

Lockfile: 
  No lockfile
